#
# There is insufficient memory for the Java Runtime Environment to continue.
# Native memory allocation (mmap) failed to map 262144000 bytes for Failed to commit area from 0x0000000706600000 to 0x0000000716000000 of length 262144000.
# Possible reasons:
#   The system is out of physical RAM or swap space
#   The process is running with CompressedOops enabled, and the Java Heap may be blocking the growth of the native heap
# Possible solutions:
#   Reduce memory load on the system
#   Increase physical memory or swap space
#   Check if swap backing store is full
#   Decrease Java heap size (-Xmx/-Xms)
#   Decrease number of Java threads
#   Decrease Java thread stack sizes (-Xss)
#   Set larger code cache with -XX:ReservedCodeCacheSize=
#   JVM is running with Zero Based Compressed Oops mode in which the Java heap is
#     placed in the first 32GB address space. The Java Heap base address is the
#     maximum limit for the native heap growth. Please use -XX:HeapBaseMinAddress
#     to set the Java Heap base and to place the Java Heap above 32GB virtual address.
# This output file may be truncated or incomplete.
#
#  Out of Memory Error (./open/src/hotspot/os/windows/os_windows.cpp:3315), pid=29396, tid=61828
#
# JRE version:  (14.0.2+12) (build )
# Java VM: OpenJDK 64-Bit Server VM (14.0.2+12-46, mixed mode, sharing, tiered, compressed oops, g1 gc, windows-amd64)
# No core dump will be written. Minidumps are not enabled by default on client versions of Windows
#

---------------  S U M M A R Y ------------

Command Line: -Dfile.encoding=Cp1252 -XX:+ShowCodeDetailsInExceptionMessages UserInterface

Host: Intel(R) Core(TM) i7-1065G7 CPU @ 1.30GHz, 8 cores, 15G,  Windows 10 , 64 bit Build 19041 (10.0.19041.1348)
Time: Thu Apr  7 15:42:24 2022 GMT Summer Time elapsed time: 0 seconds (0d 0h 0m 0s)

---------------  T H R E A D  ---------------

Current thread (0x0000019aa3f4a800):  JavaThread "Unknown thread" [_thread_in_vm, id=61828, stack(0x0000004b3d200000,0x0000004b3d300000)]

Stack: [0x0000004b3d200000,0x0000004b3d300000]
Native frames: (J=compiled Java code, j=interpreted, Vv=VM code, C=native code)
V  [jvm.dll+0x5f8a9a]
V  [jvm.dll+0x74247a]
V  [jvm.dll+0x743c2f]
V  [jvm.dll+0x744273]
V  [jvm.dll+0x20d288]
V  [jvm.dll+0x5f5dea]
V  [jvm.dll+0x5eac45]
V  [jvm.dll+0x2c7e9c]
V  [jvm.dll+0x2c7cd2]
V  [jvm.dll+0x2cdbbc]
V  [jvm.dll+0x313fe8]
V  [jvm.dll+0x313710]
V  [jvm.dll+0x2a092a]
V  [jvm.dll+0x2a1a79]
V  [jvm.dll+0x71fd48]
V  [jvm.dll+0x321c14]
V  [jvm.dll+0x70112c]
V  [jvm.dll+0x392def]
V  [jvm.dll+0x394e61]
C  [jli.dll+0x524b]
C  [ucrtbase.dll+0x21bb2]
C  [KERNEL32.DLL+0x17034]
C  [ntdll.dll+0x52651]


---------------  P R O C E S S  ---------------

Threads class SMR info:
_java_thread_list=0x00007ffd50f63038, length=0, elements={
}

Java Threads: ( => current thread )

Other Threads:
  0x0000019aa3fae000 GCTaskThread "GC Thread#0" [stack: 0x0000004b3d300000,0x0000004b3d400000] [id=64460]
  0x0000019aa3fd1000 ConcurrentGCThread "G1 Main Marker" [stack: 0x0000004b3d400000,0x0000004b3d500000] [id=54488]
  0x0000019aa3fd3000 ConcurrentGCThread "G1 Conc#0" [stack: 0x0000004b3d500000,0x0000004b3d600000] [id=60188]

[error occurred during error reporting (printing all threads), id 0xc0000005, EXCEPTION_ACCESS_VIOLATION (0xc0000005) at pc=0x00007ffd50791257]

VM state:not at safepoint (not fully initialized)

VM Mutex/Monitor currently owned by a thread:  ([mutex/lock_event])
[0x0000019aa3f45320] Heap_lock - owner thread: 0x0000019aa3f4a800

Heap address: 0x0000000706600000, size: 3994 MB, Compressed Oops mode: Zero based, Oop shift amount: 3
Narrow klass base: 0x0000000000000000, Narrow klass shift: 0

GC Heap History (0 events):
No events

Deoptimization events (0 events):
No events

Classes unloaded (0 events):
No events

Classes redefined (0 events):
No events

Internal exceptions (0 events):
No events

Events (2 events):
Event: 0.008 Loaded shared library C:\Users\35383\.p2\pool\plugins\org.eclipse.justj.openjdk.hotspot.jre.full.win32.x86_64_14.0.2.v20200815-0932\jre\bin\java.dll
Event: 0.009 Loaded shared library C:\Users\35383\.p2\pool\plugins\org.eclipse.justj.openjdk.hotspot.jre.full.win32.x86_64_14.0.2.v20200815-0932\jre\bin\zip.dll


Dynamic libraries:
0x00007ff7d1fb0000 - 0x00007ff7d1fbd000 	C:\Users\35383\.p2\pool\plugins\org.eclipse.justj.openjdk.hotspot.jre.full.win32.x86_64_14.0.2.v20200815-0932\jre\bin\javaw.exe
0x00007ffd9d590000 - 0x00007ffd9d785000 	C:\WINDOWS\SYSTEM32\ntdll.dll
0x00007ffd9c2f0000 - 0x00007ffd9c3ae000 	C:\WINDOWS\System32\KERNEL32.DLL
0x00007ffd9b100000 - 0x00007ffd9b3c8000 	C:\WINDOWS\System32\KERNELBASE.dll
0x00007ffd9adf0000 - 0x00007ffd9aef0000 	C:\WINDOWS\System32\ucrtbase.dll
0x00007ffd92f80000 - 0x00007ffd92f98000 	C:\Users\35383\.p2\pool\plugins\org.eclipse.justj.openjdk.hotspot.jre.full.win32.x86_64_14.0.2.v20200815-0932\jre\bin\jli.dll
0x00007ffd90f50000 - 0x00007ffd90f65000 	C:\Users\35383\.p2\pool\plugins\org.eclipse.justj.openjdk.hotspot.jre.full.win32.x86_64_14.0.2.v20200815-0932\jre\bin\VCRUNTIME140.dll
0x00007ffd9c090000 - 0x00007ffd9c231000 	C:\WINDOWS\System32\USER32.dll
0x00007ffd9acd0000 - 0x00007ffd9acf2000 	C:\WINDOWS\System32\win32u.dll
0x00007ffd7bae0000 - 0x00007ffd7bd7a000 	C:\WINDOWS\WinSxS\amd64_microsoft.windows.common-controls_6595b64144ccf1df_6.0.19041.1110_none_60b5254171f9507e\COMCTL32.dll
0x00007ffd9d520000 - 0x00007ffd9d54b000 	C:\WINDOWS\System32\GDI32.dll
0x00007ffd9b3d0000 - 0x00007ffd9b4dd000 	C:\WINDOWS\System32\gdi32full.dll
0x00007ffd9c3b0000 - 0x00007ffd9c44e000 	C:\WINDOWS\System32\msvcrt.dll
0x00007ffd9ad50000 - 0x00007ffd9aded000 	C:\WINDOWS\System32\msvcp_win.dll
0x00007ffd9be20000 - 0x00007ffd9be50000 	C:\WINDOWS\System32\IMM32.DLL
0x00007ffd7b3a0000 - 0x00007ffd7b43b000 	C:\Users\35383\.p2\pool\plugins\org.eclipse.justj.openjdk.hotspot.jre.full.win32.x86_64_14.0.2.v20200815-0932\jre\bin\msvcp140.dll
0x00007ffd504e0000 - 0x00007ffd50ffe000 	C:\Users\35383\.p2\pool\plugins\org.eclipse.justj.openjdk.hotspot.jre.full.win32.x86_64_14.0.2.v20200815-0932\jre\bin\server\jvm.dll
0x00007ffd9d2a0000 - 0x00007ffd9d34c000 	C:\WINDOWS\System32\ADVAPI32.dll
0x00007ffd9bd80000 - 0x00007ffd9be1b000 	C:\WINDOWS\System32\sechost.dll
0x00007ffd9d3f0000 - 0x00007ffd9d51a000 	C:\WINDOWS\System32\RPCRT4.dll
0x00007ffd9d3e0000 - 0x00007ffd9d3e8000 	C:\WINDOWS\System32\PSAPI.DLL
0x00007ffd928e0000 - 0x00007ffd928e9000 	C:\WINDOWS\SYSTEM32\WSOCK32.dll
0x00007ffd700b0000 - 0x00007ffd700d7000 	C:\WINDOWS\SYSTEM32\WINMM.dll
0x00007ffd91470000 - 0x00007ffd9147a000 	C:\WINDOWS\SYSTEM32\VERSION.dll
0x00007ffd9c760000 - 0x00007ffd9c7cb000 	C:\WINDOWS\System32\WS2_32.dll
0x00007ffd99520000 - 0x00007ffd99532000 	C:\WINDOWS\SYSTEM32\kernel.appcore.dll
0x00007ffd92220000 - 0x00007ffd9222a000 	C:\Users\35383\.p2\pool\plugins\org.eclipse.justj.openjdk.hotspot.jre.full.win32.x86_64_14.0.2.v20200815-0932\jre\bin\jimage.dll
0x00007ffd992e0000 - 0x00007ffd994c4000 	C:\WINDOWS\SYSTEM32\DBGHELP.DLL
0x00007ffd7db00000 - 0x00007ffd7db2c000 	C:\WINDOWS\SYSTEM32\dbgcore.DLL
0x00007ffd9b4e0000 - 0x00007ffd9b562000 	C:\WINDOWS\System32\bcryptPrimitives.dll
0x00007ffd90220000 - 0x00007ffd90245000 	C:\Users\35383\.p2\pool\plugins\org.eclipse.justj.openjdk.hotspot.jre.full.win32.x86_64_14.0.2.v20200815-0932\jre\bin\java.dll
0x00007ffd91310000 - 0x00007ffd91326000 	C:\Users\35383\.p2\pool\plugins\org.eclipse.justj.openjdk.hotspot.jre.full.win32.x86_64_14.0.2.v20200815-0932\jre\bin\zip.dll

dbghelp: loaded successfully - version: 4.0.5 - missing functions: none
symbol engine: initialized successfully - sym options: 0x614 - pdb path: .;C:\Users\35383\.p2\pool\plugins\org.eclipse.justj.openjdk.hotspot.jre.full.win32.x86_64_14.0.2.v20200815-0932\jre\bin;C:\WINDOWS\SYSTEM32;C:\WINDOWS\WinSxS\amd64_microsoft.windows.common-controls_6595b64144ccf1df_6.0.19041.1110_none_60b5254171f9507e;C:\Users\35383\.p2\pool\plugins\org.eclipse.justj.openjdk.hotspot.jre.full.win32.x86_64_14.0.2.v20200815-0932\jre\bin\server

VM Arguments:
jvm_args: -Dfile.encoding=Cp1252 -XX:+ShowCodeDetailsInExceptionMessages 
java_command: UserInterface
java_class_path (initial): C:\Users\35383\eclipse-workspace\projectYr2\AlgorithmsProj\AlgsProjectYr2
Launcher Type: SUN_STANDARD

[Global flags]
     intx CICompilerCount                          = 4                                         {product} {ergonomic}
     uint ConcGCThreads                            = 2                                         {product} {ergonomic}
     uint G1ConcRefinementThreads                  = 8                                         {product} {ergonomic}
   size_t G1HeapRegionSize                         = 1048576                                   {product} {ergonomic}
    uintx GCDrainStackTargetSize                   = 64                                        {product} {ergonomic}
   size_t InitialHeapSize                          = 262144000                                 {product} {ergonomic}
   size_t MarkStackSize                            = 4194304                                   {product} {ergonomic}
   size_t MaxHeapSize                              = 4188012544                                {product} {ergonomic}
   size_t MinHeapDeltaBytes                        = 1048576                                   {product} {ergonomic}
   size_t MinHeapSize                              = 8388608                                   {product} {ergonomic}
    uintx NonNMethodCodeHeapSize                   = 5839372                                {pd product} {ergonomic}
    uintx NonProfiledCodeHeapSize                  = 122909434                              {pd product} {ergonomic}
    uintx ProfiledCodeHeapSize                     = 122909434                              {pd product} {ergonomic}
    uintx ReservedCodeCacheSize                    = 251658240                              {pd product} {ergonomic}
     bool SegmentedCodeCache                       = true                                      {product} {ergonomic}
     bool ShowCodeDetailsInExceptionMessages       = true                                   {manageable} {command line}
   size_t SoftMaxHeapSize                          = 4188012544                             {manageable} {ergonomic}
     bool UseCompressedClassPointers               = true                                 {lp64_product} {ergonomic}
     bool UseCompressedOops                        = true                                 {lp64_product} {ergonomic}
     bool UseG1GC                                  = true                                      {product} {ergonomic}
     bool UseLargePagesIndividualAllocation        = false                                  {pd product} {ergonomic}

Logging:
Log output configuration:
 #0: stdout all=warning uptime,level,tags
 #1: stderr all=off uptime,level,tags

Environment Variables:
PATH=C:/Users/35383/.p2/pool/plugins/org.eclipse.justj.openjdk.hotspot.jre.full.win32.x86_64_14.0.2.v20200815-0932/jre/bin/server;C:/Users/35383/.p2/pool/plugins/org.eclipse.justj.openjdk.hotspot.jre.full.win32.x86_64_14.0.2.v20200815-0932/jre/bin;C:\Program Files (x86)\Common Files\Oracle\Java\javapath;C:\WINDOWS\system32;C:\WINDOWS;C:\WINDOWS\System32\Wbem;C:\WINDOWS\System32\WindowsPowerShell\v1.0\;C:\WINDOWS\System32\OpenSSH\;C:\ProgramData\chocolatey\bin;C:\Program Files\Git\cmd;C:\Program Files\TortoiseSVN\bin;C:\Program Files\dotnet\;C:\Program Files\Microsoft SQL Server\130\Tools\Binn\;C:\Program Files\Microsoft SQL Server\Client SDK\ODBC\170\Tools\Binn\;C:\Program Files (x86)\BaseX\bin;C:\Program Files (x86)\GNU Arm Embedded Toolchain\9 2020-q2-update\bin;C:\Users\35383\AppData\Local\Microsoft\WindowsApps;C:\Users\35383\AppData\Local\Programs\Microsoft VS Code\bin;C:\Users\35383\OneDrive\Documents\int porgrams\CLion 2021.2.2\bin;;C:\Users\35383\.dotnet\tools;C:\MinGW\bin;C:\Users\35383\AppData\Local\GitHubDesktop\bin;C:\WINDOWS\system32;
USERNAME=35383
OS=Windows_NT
PROCESSOR_IDENTIFIER=Intel64 Family 6 Model 126 Stepping 5, GenuineIntel



---------------  S Y S T E M  ---------------

OS: Windows 10 , 64 bit Build 19041 (10.0.19041.1348)
OS uptime: 91 days 3:48 hours

CPU:total 8 (initial active 8) (4 cores per cpu, 2 threads per core) family 6 model 126 stepping 5, cmov, cx8, fxsr, mmx, sse, sse2, sse3, ssse3, sse4.1, sse4.2, popcnt, avx, avx2, aes, clmul, erms, 3dnowpref, lzcnt, ht, tsc, tscinvbit, bmi1, bmi2, adx, evex, sha, fma

Memory: 4k page, system-wide physical 15970M (2293M free)
TotalPageFile size 46335M (AvailPageFile size 202M)
current process WorkingSet (physical memory assigned to process): 10M, peak: 10M
current process commit charge ("private bytes"): 60M, peak: 310M

vm_info: OpenJDK 64-Bit Server VM (14.0.2+12-46) for windows-amd64 JRE (14.0.2+12-46), built on Jul  9 2020 00:31:16 by "mach5one" with MS VC++ 15.9 (VS2017)

END.
